DEBUG - 2026-06-09 01:41:42 --> Session: Class initialized using 'CodeIgniter\Session\Handlers\FileHandler' driver.
DEBUG - 2026-06-09 01:41:55 --> Session: Class initialized using 'CodeIgniter\Session\Handlers\FileHandler' driver.
DEBUG - 2026-06-09 01:42:00 --> Session: Class initialized using 'CodeIgniter\Session\Handlers\FileHandler' driver.
DEBUG - 2026-06-09 01:42:06 --> Session: Class initialized using 'CodeIgniter\Session\Handlers\FileHandler' driver.
DEBUG - 2026-06-09 01:42:10 --> Session: Class initialized using 'CodeIgniter\Session\Handlers\FileHandler' driver.
DEBUG - 2026-06-09 01:42:12 --> Session: Class initialized using 'CodeIgniter\Session\Handlers\FileHandler' driver.
DEBUG - 2026-06-09 01:42:16 --> Session: Class initialized using 'CodeIgniter\Session\Handlers\FileHandler' driver.
DEBUG - 2026-06-09 01:42:19 --> Session: Class initialized using 'CodeIgniter\Session\Handlers\FileHandler' driver.
DEBUG - 2026-06-09 01:42:22 --> Session: Class initialized using 'CodeIgniter\Session\Handlers\FileHandler' driver.
DEBUG - 2026-06-09 01:42:25 --> Session: Class initialized using 'CodeIgniter\Session\Handlers\FileHandler' driver.
DEBUG - 2026-06-09 01:42:36 --> Session: Class initialized using 'CodeIgniter\Session\Handlers\FileHandler' driver.
DEBUG - 2026-06-09 01:42:36 --> Session: Class initialized using 'CodeIgniter\Session\Handlers\FileHandler' driver.
DEBUG - 2026-06-09 01:42:45 --> Session: Class initialized using 'CodeIgniter\Session\Handlers\FileHandler' driver.
DEBUG - 2026-06-09 01:42:46 --> Session: Class initialized using 'CodeIgniter\Session\Handlers\FileHandler' driver.
DEBUG - 2026-06-09 01:42:46 --> Session: Class initialized using 'CodeIgniter\Session\Handlers\FileHandler' driver.
DEBUG - 2026-06-09 01:42:52 --> Session: Class initialized using 'CodeIgniter\Session\Handlers\FileHandler' driver.
DEBUG - 2026-06-09 01:42:52 --> Session: Class initialized using 'CodeIgniter\Session\Handlers\FileHandler' driver.
DEBUG - 2026-06-09 01:42:55 --> Session: Class initialized using 'CodeIgniter\Session\Handlers\FileHandler' driver.
DEBUG - 2026-06-09 01:42:57 --> Session: Class initialized using 'CodeIgniter\Session\Handlers\FileHandler' driver.
DEBUG - 2026-06-09 01:43:00 --> Session: Class initialized using 'CodeIgniter\Session\Handlers\FileHandler' driver.
DEBUG - 2026-06-09 01:43:00 --> Session: Class initialized using 'CodeIgniter\Session\Handlers\FileHandler' driver.
DEBUG - 2026-06-09 04:28:42 --> Session: Class initialized using 'CodeIgniter\Session\Handlers\FileHandler' driver.
DEBUG - 2026-06-09 04:28:58 --> Session: Class initialized using 'CodeIgniter\Session\Handlers\FileHandler' driver.
DEBUG - 2026-06-09 04:29:05 --> Session: Class initialized using 'CodeIgniter\Session\Handlers\FileHandler' driver.
DEBUG - 2026-06-09 04:29:05 --> Session: Class initialized using 'CodeIgniter\Session\Handlers\FileHandler' driver.
DEBUG - 2026-06-09 04:29:13 --> Session: Class initialized using 'CodeIgniter\Session\Handlers\FileHandler' driver.
DEBUG - 2026-06-09 04:29:13 --> Session: Class initialized using 'CodeIgniter\Session\Handlers\FileHandler' driver.
DEBUG - 2026-06-09 04:29:14 --> Session: Class initialized using 'CodeIgniter\Session\Handlers\FileHandler' driver.
DEBUG - 2026-06-09 04:29:19 --> Session: Class initialized using 'CodeIgniter\Session\Handlers\FileHandler' driver.
DEBUG - 2026-06-09 04:29:20 --> Session: Class initialized using 'CodeIgniter\Session\Handlers\FileHandler' driver.
DEBUG - 2026-06-09 04:29:21 --> Session: Class initialized using 'CodeIgniter\Session\Handlers\FileHandler' driver.
DEBUG - 2026-06-09 04:29:23 --> Session: Class initialized using 'CodeIgniter\Session\Handlers\FileHandler' driver.
DEBUG - 2026-06-09 04:29:23 --> Session: Class initialized using 'CodeIgniter\Session\Handlers\FileHandler' driver.
DEBUG - 2026-06-09 04:29:31 --> Session: Class initialized using 'CodeIgniter\Session\Handlers\FileHandler' driver.
DEBUG - 2026-06-09 04:38:40 --> Session: Class initialized using 'CodeIgniter\Session\Handlers\FileHandler' driver.
DEBUG - 2026-06-09 04:38:40 --> Session: Class initialized using 'CodeIgniter\Session\Handlers\FileHandler' driver.
DEBUG - 2026-06-09 04:38:42 --> Session: Class initialized using 'CodeIgniter\Session\Handlers\FileHandler' driver.
DEBUG - 2026-06-09 04:38:44 --> Session: Class initialized using 'CodeIgniter\Session\Handlers\FileHandler' driver.
DEBUG - 2026-06-09 04:38:56 --> Session: Class initialized using 'CodeIgniter\Session\Handlers\FileHandler' driver.
DEBUG - 2026-06-09 04:39:01 --> Session: Class initialized using 'CodeIgniter\Session\Handlers\FileHandler' driver.
DEBUG - 2026-06-09 04:39:04 --> Session: Class initialized using 'CodeIgniter\Session\Handlers\FileHandler' driver.
DEBUG - 2026-06-09 04:39:05 --> Session: Class initialized using 'CodeIgniter\Session\Handlers\FileHandler' driver.
DEBUG - 2026-06-09 04:39:09 --> Session: Class initialized using 'CodeIgniter\Session\Handlers\FileHandler' driver.
DEBUG - 2026-06-09 04:39:09 --> Session: Class initialized using 'CodeIgniter\Session\Handlers\FileHandler' driver.
DEBUG - 2026-06-09 04:39:10 --> Session: Class initialized using 'CodeIgniter\Session\Handlers\FileHandler' driver.
DEBUG - 2026-06-09 04:39:11 --> Session: Class initialized using 'CodeIgniter\Session\Handlers\FileHandler' driver.
DEBUG - 2026-06-09 05:31:16 --> Session: Class initialized using 'CodeIgniter\Session\Handlers\FileHandler' driver.
DEBUG - 2026-06-09 05:31:19 --> Session: Class initialized using 'CodeIgniter\Session\Handlers\FileHandler' driver.
DEBUG - 2026-06-09 05:31:21 --> Session: Class initialized using 'CodeIgniter\Session\Handlers\FileHandler' driver.
DEBUG - 2026-06-09 05:31:23 --> Session: Class initialized using 'CodeIgniter\Session\Handlers\FileHandler' driver.
DEBUG - 2026-06-09 05:37:36 --> Session: Class initialized using 'CodeIgniter\Session\Handlers\FileHandler' driver.
DEBUG - 2026-06-09 05:37:45 --> Session: Class initialized using 'CodeIgniter\Session\Handlers\FileHandler' driver.
DEBUG - 2026-06-09 05:37:46 --> Session: Class initialized using 'CodeIgniter\Session\Handlers\FileHandler' driver.
DEBUG - 2026-06-09 05:37:49 --> Session: Class initialized using 'CodeIgniter\Session\Handlers\FileHandler' driver.
DEBUG - 2026-06-09 05:37:51 --> Session: Class initialized using 'CodeIgniter\Session\Handlers\FileHandler' driver.
DEBUG - 2026-06-09 05:37:51 --> Session: Class initialized using 'CodeIgniter\Session\Handlers\FileHandler' driver.
DEBUG - 2026-06-09 05:37:59 --> Session: Class initialized using 'CodeIgniter\Session\Handlers\FileHandler' driver.
DEBUG - 2026-06-09 05:37:59 --> Session: Class initialized using 'CodeIgniter\Session\Handlers\FileHandler' driver.
DEBUG - 2026-06-09 05:37:59 --> Session: Class initialized using 'CodeIgniter\Session\Handlers\FileHandler' driver.
DEBUG - 2026-06-09 05:46:25 --> Session: Class initialized using 'CodeIgniter\Session\Handlers\FileHandler' driver.
DEBUG - 2026-06-09 05:46:25 --> Session: Class initialized using 'CodeIgniter\Session\Handlers\FileHandler' driver.
DEBUG - 2026-06-09 05:50:12 --> Session: Class initialized using 'CodeIgniter\Session\Handlers\FileHandler' driver.
DEBUG - 2026-06-09 05:50:17 --> Session: Class initialized using 'CodeIgniter\Session\Handlers\FileHandler' driver.
DEBUG - 2026-06-09 05:50:35 --> Session: Class initialized using 'CodeIgniter\Session\Handlers\FileHandler' driver.
DEBUG - 2026-06-09 05:50:37 --> Session: Class initialized using 'CodeIgniter\Session\Handlers\FileHandler' driver.
DEBUG - 2026-06-09 05:50:53 --> Session: Class initialized using 'CodeIgniter\Session\Handlers\FileHandler' driver.
DEBUG - 2026-06-09 05:51:02 --> Session: Class initialized using 'CodeIgniter\Session\Handlers\FileHandler' driver.
DEBUG - 2026-06-09 05:51:02 --> Session: Class initialized using 'CodeIgniter\Session\Handlers\FileHandler' driver.
DEBUG - 2026-06-09 05:51:04 --> Session: Class initialized using 'CodeIgniter\Session\Handlers\FileHandler' driver.
DEBUG - 2026-06-09 05:51:05 --> Session: Class initialized using 'CodeIgniter\Session\Handlers\FileHandler' driver.
DEBUG - 2026-06-09 05:51:06 --> Session: Class initialized using 'CodeIgniter\Session\Handlers\FileHandler' driver.
DEBUG - 2026-06-09 05:51:18 --> Session: Class initialized using 'CodeIgniter\Session\Handlers\FileHandler' driver.
DEBUG - 2026-06-09 05:51:18 --> Session: Class initialized using 'CodeIgniter\Session\Handlers\FileHandler' driver.
DEBUG - 2026-06-09 06:53:46 --> Session: Class initialized using 'CodeIgniter\Session\Handlers\FileHandler' driver.
ERROR - 2026-06-09 06:53:46 --> Error connecting to the database: mysqli_sql_exception: Unknown database 'ci4' in C:\xampp\htdocs\lab11_php_ci\ci4\system\Database\MySQLi\Connection.php:201
Stack trace:
#0 C:\xampp\htdocs\lab11_php_ci\ci4\system\Database\MySQLi\Connection.php(201): mysqli->real_connect('localhost', 'root', Object(SensitiveParameterValue), 'ci4', 3306, '', 0)
#1 C:\xampp\htdocs\lab11_php_ci\ci4\system\Database\BaseConnection.php(419): CodeIgniter\Database\MySQLi\Connection->connect(false)
#2 C:\xampp\htdocs\lab11_php_ci\ci4\system\Database\BaseConnection.php(654): CodeIgniter\Database\BaseConnection->initialize()
#3 C:\xampp\htdocs\lab11_php_ci\ci4\system\Database\BaseBuilder.php(1649): CodeIgniter\Database\BaseConnection->query('SELECT *\nFROM `...', Array, false)
#4 C:\xampp\htdocs\lab11_php_ci\ci4\system\Model.php(254): CodeIgniter\Database\BaseBuilder->get()
#5 C:\xampp\htdocs\lab11_php_ci\ci4\system\BaseModel.php(675): CodeIgniter\Model->doFindAll(0, 0)
#6 C:\xampp\htdocs\lab11_php_ci\ci4\app\Cells\ArtikelTerkini.php(19): CodeIgniter\BaseModel->findAll()
#7 C:\xampp\htdocs\lab11_php_ci\ci4\system\View\Cell.php(304): App\Cells\ArtikelTerkini->render()
#8 C:\xampp\htdocs\lab11_php_ci\ci4\system\View\Cell.php(106): CodeIgniter\View\Cell->renderSimpleClass(Object(App\Cells\ArtikelTerkini), 'render', Array, 'App\\Cells\\Artik...')
#9 C:\xampp\htdocs\lab11_php_ci\ci4\system\Common.php(1266): CodeIgniter\View\Cell->render('App\\Cells\\Artik...', Array, 0, 'AppCellsArtikel...')
#10 C:\xampp\htdocs\lab11_php_ci\ci4\app\Views\layout\main.php(37): view_cell('App\\Cells\\Artik...')
#11 C:\xampp\htdocs\lab11_php_ci\ci4\system\View\View.php(238): include('C:\\xampp\\htdocs...')
#12 C:\xampp\htdocs\lab11_php_ci\ci4\system\View\View.php(241): CodeIgniter\View\View->CodeIgniter\View\{closure}()
#13 C:\xampp\htdocs\lab11_php_ci\ci4\system\View\View.php(254): CodeIgniter\View\View->render('layout/main', Array, true)
#14 C:\xampp\htdocs\lab11_php_ci\ci4\system\Common.php(1250): CodeIgniter\View\View->render('home', Array, true)
#15 C:\xampp\htdocs\lab11_php_ci\ci4\app\Controllers\Page.php(9): view('home', Array)
#16 C:\xampp\htdocs\lab11_php_ci\ci4\system\CodeIgniter.php(951): App\Controllers\Page->index()
#17 C:\xampp\htdocs\lab11_php_ci\ci4\system\CodeIgniter.php(497): CodeIgniter\CodeIgniter->runController(Object(App\Controllers\Page))
#18 C:\xampp\htdocs\lab11_php_ci\ci4\system\CodeIgniter.php(340): CodeIgniter\CodeIgniter->handleRequest(NULL, Object(Config\Cache), false)
#19 C:\xampp\htdocs\lab11_php_ci\ci4\system\Boot.php(417): CodeIgniter\CodeIgniter->run()
#20 C:\xampp\htdocs\lab11_php_ci\ci4\system\Boot.php(68): CodeIgniter\Boot::runCodeIgniter(Object(CodeIgniter\CodeIgniter))
#21 C:\xampp\htdocs\lab11_php_ci\ci4\public\index.php(71): CodeIgniter\Boot::bootWeb(Object(Config\Paths))
#22 C:\xampp\htdocs\lab11_php_ci\ci4\system\rewrite.php(44): require_once('C:\\xampp\\htdocs...')
#23 {main}

Next CodeIgniter\Database\Exceptions\DatabaseException: Unknown database 'ci4' in C:\xampp\htdocs\lab11_php_ci\ci4\system\Database\MySQLi\Connection.php:231
Stack trace:
#0 C:\xampp\htdocs\lab11_php_ci\ci4\system\Database\BaseConnection.php(419): CodeIgniter\Database\MySQLi\Connection->connect(false)
#1 C:\xampp\htdocs\lab11_php_ci\ci4\system\Database\BaseConnection.php(654): CodeIgniter\Database\BaseConnection->initialize()
#2 C:\xampp\htdocs\lab11_php_ci\ci4\system\Database\BaseBuilder.php(1649): CodeIgniter\Database\BaseConnection->query('SELECT *\nFROM `...', Array, false)
#3 C:\xampp\htdocs\lab11_php_ci\ci4\system\Model.php(254): CodeIgniter\Database\BaseBuilder->get()
#4 C:\xampp\htdocs\lab11_php_ci\ci4\system\BaseModel.php(675): CodeIgniter\Model->doFindAll(0, 0)
#5 C:\xampp\htdocs\lab11_php_ci\ci4\app\Cells\ArtikelTerkini.php(19): CodeIgniter\BaseModel->findAll()
#6 C:\xampp\htdocs\lab11_php_ci\ci4\system\View\Cell.php(304): App\Cells\ArtikelTerkini->render()
#7 C:\xampp\htdocs\lab11_php_ci\ci4\system\View\Cell.php(106): CodeIgniter\View\Cell->renderSimpleClass(Object(App\Cells\ArtikelTerkini), 'render', Array, 'App\\Cells\\Artik...')
#8 C:\xampp\htdocs\lab11_php_ci\ci4\system\Common.php(1266): CodeIgniter\View\Cell->render('App\\Cells\\Artik...', Array, 0, 'AppCellsArtikel...')
#9 C:\xampp\htdocs\lab11_php_ci\ci4\app\Views\layout\main.php(37): view_cell('App\\Cells\\Artik...')
#10 C:\xampp\htdocs\lab11_php_ci\ci4\system\View\View.php(238): include('C:\\xampp\\htdocs...')
#11 C:\xampp\htdocs\lab11_php_ci\ci4\system\View\View.php(241): CodeIgniter\View\View->CodeIgniter\View\{closure}()
#12 C:\xampp\htdocs\lab11_php_ci\ci4\system\View\View.php(254): CodeIgniter\View\View->render('layout/main', Array, true)
#13 C:\xampp\htdocs\lab11_php_ci\ci4\system\Common.php(1250): CodeIgniter\View\View->render('home', Array, true)
#14 C:\xampp\htdocs\lab11_php_ci\ci4\app\Controllers\Page.php(9): view('home', Array)
#15 C:\xampp\htdocs\lab11_php_ci\ci4\system\CodeIgniter.php(951): App\Controllers\Page->index()
#16 C:\xampp\htdocs\lab11_php_ci\ci4\system\CodeIgniter.php(497): CodeIgniter\CodeIgniter->runController(Object(App\Controllers\Page))
#17 C:\xampp\htdocs\lab11_php_ci\ci4\system\CodeIgniter.php(340): CodeIgniter\CodeIgniter->handleRequest(NULL, Object(Config\Cache), false)
#18 C:\xampp\htdocs\lab11_php_ci\ci4\system\Boot.php(417): CodeIgniter\CodeIgniter->run()
#19 C:\xampp\htdocs\lab11_php_ci\ci4\system\Boot.php(68): CodeIgniter\Boot::runCodeIgniter(Object(CodeIgniter\CodeIgniter))
#20 C:\xampp\htdocs\lab11_php_ci\ci4\public\index.php(71): CodeIgniter\Boot::bootWeb(Object(Config\Paths))
#21 C:\xampp\htdocs\lab11_php_ci\ci4\system\rewrite.php(44): require_once('C:\\xampp\\htdocs...')
#22 {main}
CRITICAL - 2026-06-09 06:53:46 --> CodeIgniter\Database\Exceptions\DatabaseException: Unable to connect to the database.
Main connection [MySQLi]: Unknown database 'ci4'
[Method: GET, Route: /]
in SYSTEMPATH\Database\BaseConnection.php on line 465.
 1 SYSTEMPATH\Database\BaseConnection.php(654): CodeIgniter\Database\BaseConnection->initialize()
 2 SYSTEMPATH\Database\BaseBuilder.php(1649): CodeIgniter\Database\BaseConnection->query('SELECT *
FROM `artikel`
ORDER BY `id` DESC
 LIMIT 5', [], false)
 3 SYSTEMPATH\Model.php(254): CodeIgniter\Database\BaseBuilder->get()
 4 SYSTEMPATH\BaseModel.php(675): CodeIgniter\Model->doFindAll(0, 0)
 5 APPPATH\Cells\ArtikelTerkini.php(19): CodeIgniter\BaseModel->findAll()
 6 SYSTEMPATH\View\Cell.php(304): App\Cells\ArtikelTerkini->render()
 7 SYSTEMPATH\View\Cell.php(106): CodeIgniter\View\Cell->renderSimpleClass(Object(App\Cells\ArtikelTerkini), 'render', [], 'App\\Cells\\ArtikelTerkini')
 8 SYSTEMPATH\Common.php(1266): CodeIgniter\View\Cell->render('App\\Cells\\ArtikelTerkini::render', [], 0, 'AppCellsArtikelTerkinirender40cd750bba9870f18aada2478b24840a')
 9 APPPATH\Views\layout\main.php(37): view_cell('App\\Cells\\ArtikelTerkini::render')
10 SYSTEMPATH\View\View.php(238): include('C:\\xampp\\htdocs\\lab11_php_ci\\ci4\\app\\Views\\layout\\main.php')
11 SYSTEMPATH\View\View.php(241): CodeIgniter\View\View->CodeIgniter\View\{closure}()
12 SYSTEMPATH\View\View.php(254): CodeIgniter\View\View->render('layout/main', [], true)
13 SYSTEMPATH\Common.php(1250): CodeIgniter\View\View->render('home', [], true)
14 APPPATH\Controllers\Page.php(9): view('home', [...])
15 SYSTEMPATH\CodeIgniter.php(951): App\Controllers\Page->index()
16 SYSTEMPATH\CodeIgniter.php(497): CodeIgniter\CodeIgniter->runController(Object(App\Controllers\Page))
17 SYSTEMPATH\CodeIgniter.php(340): CodeIgniter\CodeIgniter->handleRequest(null, Object(Config\Cache), false)
18 SYSTEMPATH\Boot.php(417): CodeIgniter\CodeIgniter->run()
19 SYSTEMPATH\Boot.php(68): CodeIgniter\Boot::runCodeIgniter(Object(CodeIgniter\CodeIgniter))
20 FCPATH\index.php(71): CodeIgniter\Boot::bootWeb(Object(Config\Paths))
21 SYSTEMPATH\rewrite.php(44): require_once('C:\\xampp\\htdocs\\lab11_php_ci\\ci4\\public\\index.php')
DEBUG - 2026-06-09 07:12:15 --> Session: Class initialized using 'CodeIgniter\Session\Handlers\FileHandler' driver.
ERROR - 2026-06-09 07:12:20 --> Error connecting to the database: mysqli_sql_exception: Unknown database 'ci4' in C:\xampp\htdocs\lab11_php_ci\ci4\system\Database\MySQLi\Connection.php:201
Stack trace:
#0 C:\xampp\htdocs\lab11_php_ci\ci4\system\Database\MySQLi\Connection.php(201): mysqli->real_connect('localhost', 'root', Object(SensitiveParameterValue), 'ci4', 3306, '', 0)
#1 C:\xampp\htdocs\lab11_php_ci\ci4\system\Database\BaseConnection.php(419): CodeIgniter\Database\MySQLi\Connection->connect(false)
#2 C:\xampp\htdocs\lab11_php_ci\ci4\system\Database\BaseConnection.php(654): CodeIgniter\Database\BaseConnection->initialize()
#3 C:\xampp\htdocs\lab11_php_ci\ci4\system\Database\BaseBuilder.php(1649): CodeIgniter\Database\BaseConnection->query('SELECT *\nFROM `...', Array, false)
#4 C:\xampp\htdocs\lab11_php_ci\ci4\system\Model.php(254): CodeIgniter\Database\BaseBuilder->get()
#5 C:\xampp\htdocs\lab11_php_ci\ci4\system\BaseModel.php(675): CodeIgniter\Model->doFindAll(0, 0)
#6 C:\xampp\htdocs\lab11_php_ci\ci4\app\Cells\ArtikelTerkini.php(19): CodeIgniter\BaseModel->findAll()
#7 C:\xampp\htdocs\lab11_php_ci\ci4\system\View\Cell.php(304): App\Cells\ArtikelTerkini->render()
#8 C:\xampp\htdocs\lab11_php_ci\ci4\system\View\Cell.php(106): CodeIgniter\View\Cell->renderSimpleClass(Object(App\Cells\ArtikelTerkini), 'render', Array, 'App\\Cells\\Artik...')
#9 C:\xampp\htdocs\lab11_php_ci\ci4\system\Common.php(1266): CodeIgniter\View\Cell->render('App\\Cells\\Artik...', Array, 0, 'AppCellsArtikel...')
#10 C:\xampp\htdocs\lab11_php_ci\ci4\app\Views\layout\main.php(37): view_cell('App\\Cells\\Artik...')
#11 C:\xampp\htdocs\lab11_php_ci\ci4\system\View\View.php(238): include('C:\\xampp\\htdocs...')
#12 C:\xampp\htdocs\lab11_php_ci\ci4\system\View\View.php(241): CodeIgniter\View\View->CodeIgniter\View\{closure}()
#13 C:\xampp\htdocs\lab11_php_ci\ci4\system\View\View.php(254): CodeIgniter\View\View->render('layout/main', Array, true)
#14 C:\xampp\htdocs\lab11_php_ci\ci4\system\Common.php(1250): CodeIgniter\View\View->render('home', Array, true)
#15 C:\xampp\htdocs\lab11_php_ci\ci4\app\Controllers\Page.php(9): view('home', Array)
#16 C:\xampp\htdocs\lab11_php_ci\ci4\system\CodeIgniter.php(951): App\Controllers\Page->index()
#17 C:\xampp\htdocs\lab11_php_ci\ci4\system\CodeIgniter.php(497): CodeIgniter\CodeIgniter->runController(Object(App\Controllers\Page))
#18 C:\xampp\htdocs\lab11_php_ci\ci4\system\CodeIgniter.php(340): CodeIgniter\CodeIgniter->handleRequest(NULL, Object(Config\Cache), false)
#19 C:\xampp\htdocs\lab11_php_ci\ci4\system\Boot.php(417): CodeIgniter\CodeIgniter->run()
#20 C:\xampp\htdocs\lab11_php_ci\ci4\system\Boot.php(68): CodeIgniter\Boot::runCodeIgniter(Object(CodeIgniter\CodeIgniter))
#21 C:\xampp\htdocs\lab11_php_ci\ci4\public\index.php(71): CodeIgniter\Boot::bootWeb(Object(Config\Paths))
#22 C:\xampp\htdocs\lab11_php_ci\ci4\system\rewrite.php(44): require_once('C:\\xampp\\htdocs...')
#23 {main}

Next CodeIgniter\Database\Exceptions\DatabaseException: Unknown database 'ci4' in C:\xampp\htdocs\lab11_php_ci\ci4\system\Database\MySQLi\Connection.php:231
Stack trace:
#0 C:\xampp\htdocs\lab11_php_ci\ci4\system\Database\BaseConnection.php(419): CodeIgniter\Database\MySQLi\Connection->connect(false)
#1 C:\xampp\htdocs\lab11_php_ci\ci4\system\Database\BaseConnection.php(654): CodeIgniter\Database\BaseConnection->initialize()
#2 C:\xampp\htdocs\lab11_php_ci\ci4\system\Database\BaseBuilder.php(1649): CodeIgniter\Database\BaseConnection->query('SELECT *\nFROM `...', Array, false)
#3 C:\xampp\htdocs\lab11_php_ci\ci4\system\Model.php(254): CodeIgniter\Database\BaseBuilder->get()
#4 C:\xampp\htdocs\lab11_php_ci\ci4\system\BaseModel.php(675): CodeIgniter\Model->doFindAll(0, 0)
#5 C:\xampp\htdocs\lab11_php_ci\ci4\app\Cells\ArtikelTerkini.php(19): CodeIgniter\BaseModel->findAll()
#6 C:\xampp\htdocs\lab11_php_ci\ci4\system\View\Cell.php(304): App\Cells\ArtikelTerkini->render()
#7 C:\xampp\htdocs\lab11_php_ci\ci4\system\View\Cell.php(106): CodeIgniter\View\Cell->renderSimpleClass(Object(App\Cells\ArtikelTerkini), 'render', Array, 'App\\Cells\\Artik...')
#8 C:\xampp\htdocs\lab11_php_ci\ci4\system\Common.php(1266): CodeIgniter\View\Cell->render('App\\Cells\\Artik...', Array, 0, 'AppCellsArtikel...')
#9 C:\xampp\htdocs\lab11_php_ci\ci4\app\Views\layout\main.php(37): view_cell('App\\Cells\\Artik...')
#10 C:\xampp\htdocs\lab11_php_ci\ci4\system\View\View.php(238): include('C:\\xampp\\htdocs...')
#11 C:\xampp\htdocs\lab11_php_ci\ci4\system\View\View.php(241): CodeIgniter\View\View->CodeIgniter\View\{closure}()
#12 C:\xampp\htdocs\lab11_php_ci\ci4\system\View\View.php(254): CodeIgniter\View\View->render('layout/main', Array, true)
#13 C:\xampp\htdocs\lab11_php_ci\ci4\system\Common.php(1250): CodeIgniter\View\View->render('home', Array, true)
#14 C:\xampp\htdocs\lab11_php_ci\ci4\app\Controllers\Page.php(9): view('home', Array)
#15 C:\xampp\htdocs\lab11_php_ci\ci4\system\CodeIgniter.php(951): App\Controllers\Page->index()
#16 C:\xampp\htdocs\lab11_php_ci\ci4\system\CodeIgniter.php(497): CodeIgniter\CodeIgniter->runController(Object(App\Controllers\Page))
#17 C:\xampp\htdocs\lab11_php_ci\ci4\system\CodeIgniter.php(340): CodeIgniter\CodeIgniter->handleRequest(NULL, Object(Config\Cache), false)
#18 C:\xampp\htdocs\lab11_php_ci\ci4\system\Boot.php(417): CodeIgniter\CodeIgniter->run()
#19 C:\xampp\htdocs\lab11_php_ci\ci4\system\Boot.php(68): CodeIgniter\Boot::runCodeIgniter(Object(CodeIgniter\CodeIgniter))
#20 C:\xampp\htdocs\lab11_php_ci\ci4\public\index.php(71): CodeIgniter\Boot::bootWeb(Object(Config\Paths))
#21 C:\xampp\htdocs\lab11_php_ci\ci4\system\rewrite.php(44): require_once('C:\\xampp\\htdocs...')
#22 {main}
CRITICAL - 2026-06-09 07:12:20 --> CodeIgniter\Database\Exceptions\DatabaseException: Unable to connect to the database.
Main connection [MySQLi]: Unknown database 'ci4'
[Method: GET, Route: /]
in SYSTEMPATH\Database\BaseConnection.php on line 465.
 1 SYSTEMPATH\Database\BaseConnection.php(654): CodeIgniter\Database\BaseConnection->initialize()
 2 SYSTEMPATH\Database\BaseBuilder.php(1649): CodeIgniter\Database\BaseConnection->query('SELECT *
FROM `artikel`
ORDER BY `id` DESC
 LIMIT 5', [], false)
 3 SYSTEMPATH\Model.php(254): CodeIgniter\Database\BaseBuilder->get()
 4 SYSTEMPATH\BaseModel.php(675): CodeIgniter\Model->doFindAll(0, 0)
 5 APPPATH\Cells\ArtikelTerkini.php(19): CodeIgniter\BaseModel->findAll()
 6 SYSTEMPATH\View\Cell.php(304): App\Cells\ArtikelTerkini->render()
 7 SYSTEMPATH\View\Cell.php(106): CodeIgniter\View\Cell->renderSimpleClass(Object(App\Cells\ArtikelTerkini), 'render', [], 'App\\Cells\\ArtikelTerkini')
 8 SYSTEMPATH\Common.php(1266): CodeIgniter\View\Cell->render('App\\Cells\\ArtikelTerkini::render', [], 0, 'AppCellsArtikelTerkinirender40cd750bba9870f18aada2478b24840a')
 9 APPPATH\Views\layout\main.php(37): view_cell('App\\Cells\\ArtikelTerkini::render')
10 SYSTEMPATH\View\View.php(238): include('C:\\xampp\\htdocs\\lab11_php_ci\\ci4\\app\\Views\\layout\\main.php')
11 SYSTEMPATH\View\View.php(241): CodeIgniter\View\View->CodeIgniter\View\{closure}()
12 SYSTEMPATH\View\View.php(254): CodeIgniter\View\View->render('layout/main', [], true)
13 SYSTEMPATH\Common.php(1250): CodeIgniter\View\View->render('home', [], true)
14 APPPATH\Controllers\Page.php(9): view('home', [...])
15 SYSTEMPATH\CodeIgniter.php(951): App\Controllers\Page->index()
16 SYSTEMPATH\CodeIgniter.php(497): CodeIgniter\CodeIgniter->runController(Object(App\Controllers\Page))
17 SYSTEMPATH\CodeIgniter.php(340): CodeIgniter\CodeIgniter->handleRequest(null, Object(Config\Cache), false)
18 SYSTEMPATH\Boot.php(417): CodeIgniter\CodeIgniter->run()
19 SYSTEMPATH\Boot.php(68): CodeIgniter\Boot::runCodeIgniter(Object(CodeIgniter\CodeIgniter))
20 FCPATH\index.php(71): CodeIgniter\Boot::bootWeb(Object(Config\Paths))
21 SYSTEMPATH\rewrite.php(44): require_once('C:\\xampp\\htdocs\\lab11_php_ci\\ci4\\public\\index.php')
DEBUG - 2026-06-09 07:12:25 --> Session: Class initialized using 'CodeIgniter\Session\Handlers\FileHandler' driver.
ERROR - 2026-06-09 07:12:25 --> Error connecting to the database: mysqli_sql_exception: Unknown database 'ci4' in C:\xampp\htdocs\lab11_php_ci\ci4\system\Database\MySQLi\Connection.php:201
Stack trace:
#0 C:\xampp\htdocs\lab11_php_ci\ci4\system\Database\MySQLi\Connection.php(201): mysqli->real_connect('localhost', 'root', Object(SensitiveParameterValue), 'ci4', 3306, '', 0)
#1 C:\xampp\htdocs\lab11_php_ci\ci4\system\Database\BaseConnection.php(419): CodeIgniter\Database\MySQLi\Connection->connect(false)
#2 C:\xampp\htdocs\lab11_php_ci\ci4\system\Database\BaseConnection.php(654): CodeIgniter\Database\BaseConnection->initialize()
#3 C:\xampp\htdocs\lab11_php_ci\ci4\system\Database\BaseBuilder.php(1649): CodeIgniter\Database\BaseConnection->query('SELECT *\nFROM `...', Array, false)
#4 C:\xampp\htdocs\lab11_php_ci\ci4\system\Model.php(254): CodeIgniter\Database\BaseBuilder->get()
#5 C:\xampp\htdocs\lab11_php_ci\ci4\system\BaseModel.php(675): CodeIgniter\Model->doFindAll(0, 0)
#6 C:\xampp\htdocs\lab11_php_ci\ci4\app\Cells\ArtikelTerkini.php(19): CodeIgniter\BaseModel->findAll()
#7 C:\xampp\htdocs\lab11_php_ci\ci4\system\View\Cell.php(304): App\Cells\ArtikelTerkini->render()
#8 C:\xampp\htdocs\lab11_php_ci\ci4\system\View\Cell.php(106): CodeIgniter\View\Cell->renderSimpleClass(Object(App\Cells\ArtikelTerkini), 'render', Array, 'App\\Cells\\Artik...')
#9 C:\xampp\htdocs\lab11_php_ci\ci4\system\Common.php(1266): CodeIgniter\View\Cell->render('App\\Cells\\Artik...', Array, 0, 'AppCellsArtikel...')
#10 C:\xampp\htdocs\lab11_php_ci\ci4\app\Views\layout\main.php(37): view_cell('App\\Cells\\Artik...')
#11 C:\xampp\htdocs\lab11_php_ci\ci4\system\View\View.php(238): include('C:\\xampp\\htdocs...')
#12 C:\xampp\htdocs\lab11_php_ci\ci4\system\View\View.php(241): CodeIgniter\View\View->CodeIgniter\View\{closure}()
#13 C:\xampp\htdocs\lab11_php_ci\ci4\system\View\View.php(254): CodeIgniter\View\View->render('layout/main', Array, true)
#14 C:\xampp\htdocs\lab11_php_ci\ci4\system\Common.php(1250): CodeIgniter\View\View->render('home', Array, true)
#15 C:\xampp\htdocs\lab11_php_ci\ci4\app\Controllers\Page.php(9): view('home', Array)
#16 C:\xampp\htdocs\lab11_php_ci\ci4\system\CodeIgniter.php(951): App\Controllers\Page->index()
#17 C:\xampp\htdocs\lab11_php_ci\ci4\system\CodeIgniter.php(497): CodeIgniter\CodeIgniter->runController(Object(App\Controllers\Page))
#18 C:\xampp\htdocs\lab11_php_ci\ci4\system\CodeIgniter.php(340): CodeIgniter\CodeIgniter->handleRequest(NULL, Object(Config\Cache), false)
#19 C:\xampp\htdocs\lab11_php_ci\ci4\system\Boot.php(417): CodeIgniter\CodeIgniter->run()
#20 C:\xampp\htdocs\lab11_php_ci\ci4\system\Boot.php(68): CodeIgniter\Boot::runCodeIgniter(Object(CodeIgniter\CodeIgniter))
#21 C:\xampp\htdocs\lab11_php_ci\ci4\public\index.php(71): CodeIgniter\Boot::bootWeb(Object(Config\Paths))
#22 C:\xampp\htdocs\lab11_php_ci\ci4\system\rewrite.php(44): require_once('C:\\xampp\\htdocs...')
#23 {main}

Next CodeIgniter\Database\Exceptions\DatabaseException: Unknown database 'ci4' in C:\xampp\htdocs\lab11_php_ci\ci4\system\Database\MySQLi\Connection.php:231
Stack trace:
#0 C:\xampp\htdocs\lab11_php_ci\ci4\system\Database\BaseConnection.php(419): CodeIgniter\Database\MySQLi\Connection->connect(false)
#1 C:\xampp\htdocs\lab11_php_ci\ci4\system\Database\BaseConnection.php(654): CodeIgniter\Database\BaseConnection->initialize()
#2 C:\xampp\htdocs\lab11_php_ci\ci4\system\Database\BaseBuilder.php(1649): CodeIgniter\Database\BaseConnection->query('SELECT *\nFROM `...', Array, false)
#3 C:\xampp\htdocs\lab11_php_ci\ci4\system\Model.php(254): CodeIgniter\Database\BaseBuilder->get()
#4 C:\xampp\htdocs\lab11_php_ci\ci4\system\BaseModel.php(675): CodeIgniter\Model->doFindAll(0, 0)
#5 C:\xampp\htdocs\lab11_php_ci\ci4\app\Cells\ArtikelTerkini.php(19): CodeIgniter\BaseModel->findAll()
#6 C:\xampp\htdocs\lab11_php_ci\ci4\system\View\Cell.php(304): App\Cells\ArtikelTerkini->render()
#7 C:\xampp\htdocs\lab11_php_ci\ci4\system\View\Cell.php(106): CodeIgniter\View\Cell->renderSimpleClass(Object(App\Cells\ArtikelTerkini), 'render', Array, 'App\\Cells\\Artik...')
#8 C:\xampp\htdocs\lab11_php_ci\ci4\system\Common.php(1266): CodeIgniter\View\Cell->render('App\\Cells\\Artik...', Array, 0, 'AppCellsArtikel...')
#9 C:\xampp\htdocs\lab11_php_ci\ci4\app\Views\layout\main.php(37): view_cell('App\\Cells\\Artik...')
#10 C:\xampp\htdocs\lab11_php_ci\ci4\system\View\View.php(238): include('C:\\xampp\\htdocs...')
#11 C:\xampp\htdocs\lab11_php_ci\ci4\system\View\View.php(241): CodeIgniter\View\View->CodeIgniter\View\{closure}()
#12 C:\xampp\htdocs\lab11_php_ci\ci4\system\View\View.php(254): CodeIgniter\View\View->render('layout/main', Array, true)
#13 C:\xampp\htdocs\lab11_php_ci\ci4\system\Common.php(1250): CodeIgniter\View\View->render('home', Array, true)
#14 C:\xampp\htdocs\lab11_php_ci\ci4\app\Controllers\Page.php(9): view('home', Array)
#15 C:\xampp\htdocs\lab11_php_ci\ci4\system\CodeIgniter.php(951): App\Controllers\Page->index()
#16 C:\xampp\htdocs\lab11_php_ci\ci4\system\CodeIgniter.php(497): CodeIgniter\CodeIgniter->runController(Object(App\Controllers\Page))
#17 C:\xampp\htdocs\lab11_php_ci\ci4\system\CodeIgniter.php(340): CodeIgniter\CodeIgniter->handleRequest(NULL, Object(Config\Cache), false)
#18 C:\xampp\htdocs\lab11_php_ci\ci4\system\Boot.php(417): CodeIgniter\CodeIgniter->run()
#19 C:\xampp\htdocs\lab11_php_ci\ci4\system\Boot.php(68): CodeIgniter\Boot::runCodeIgniter(Object(CodeIgniter\CodeIgniter))
#20 C:\xampp\htdocs\lab11_php_ci\ci4\public\index.php(71): CodeIgniter\Boot::bootWeb(Object(Config\Paths))
#21 C:\xampp\htdocs\lab11_php_ci\ci4\system\rewrite.php(44): require_once('C:\\xampp\\htdocs...')
#22 {main}
CRITICAL - 2026-06-09 07:12:25 --> CodeIgniter\Database\Exceptions\DatabaseException: Unable to connect to the database.
Main connection [MySQLi]: Unknown database 'ci4'
[Method: GET, Route: /]
in SYSTEMPATH\Database\BaseConnection.php on line 465.
 1 SYSTEMPATH\Database\BaseConnection.php(654): CodeIgniter\Database\BaseConnection->initialize()
 2 SYSTEMPATH\Database\BaseBuilder.php(1649): CodeIgniter\Database\BaseConnection->query('SELECT *
FROM `artikel`
ORDER BY `id` DESC
 LIMIT 5', [], false)
 3 SYSTEMPATH\Model.php(254): CodeIgniter\Database\BaseBuilder->get()
 4 SYSTEMPATH\BaseModel.php(675): CodeIgniter\Model->doFindAll(0, 0)
 5 APPPATH\Cells\ArtikelTerkini.php(19): CodeIgniter\BaseModel->findAll()
 6 SYSTEMPATH\View\Cell.php(304): App\Cells\ArtikelTerkini->render()
 7 SYSTEMPATH\View\Cell.php(106): CodeIgniter\View\Cell->renderSimpleClass(Object(App\Cells\ArtikelTerkini), 'render', [], 'App\\Cells\\ArtikelTerkini')
 8 SYSTEMPATH\Common.php(1266): CodeIgniter\View\Cell->render('App\\Cells\\ArtikelTerkini::render', [], 0, 'AppCellsArtikelTerkinirender40cd750bba9870f18aada2478b24840a')
 9 APPPATH\Views\layout\main.php(37): view_cell('App\\Cells\\ArtikelTerkini::render')
10 SYSTEMPATH\View\View.php(238): include('C:\\xampp\\htdocs\\lab11_php_ci\\ci4\\app\\Views\\layout\\main.php')
11 SYSTEMPATH\View\View.php(241): CodeIgniter\View\View->CodeIgniter\View\{closure}()
12 SYSTEMPATH\View\View.php(254): CodeIgniter\View\View->render('layout/main', [], true)
13 SYSTEMPATH\Common.php(1250): CodeIgniter\View\View->render('home', [], true)
14 APPPATH\Controllers\Page.php(9): view('home', [...])
15 SYSTEMPATH\CodeIgniter.php(951): App\Controllers\Page->index()
16 SYSTEMPATH\CodeIgniter.php(497): CodeIgniter\CodeIgniter->runController(Object(App\Controllers\Page))
17 SYSTEMPATH\CodeIgniter.php(340): CodeIgniter\CodeIgniter->handleRequest(null, Object(Config\Cache), false)
18 SYSTEMPATH\Boot.php(417): CodeIgniter\CodeIgniter->run()
19 SYSTEMPATH\Boot.php(68): CodeIgniter\Boot::runCodeIgniter(Object(CodeIgniter\CodeIgniter))
20 FCPATH\index.php(71): CodeIgniter\Boot::bootWeb(Object(Config\Paths))
21 SYSTEMPATH\rewrite.php(44): require_once('C:\\xampp\\htdocs\\lab11_php_ci\\ci4\\public\\index.php')
DEBUG - 2026-06-09 07:15:25 --> Session: Class initialized using 'CodeIgniter\Session\Handlers\FileHandler' driver.
DEBUG - 2026-06-09 07:15:46 --> Session: Class initialized using 'CodeIgniter\Session\Handlers\FileHandler' driver.
DEBUG - 2026-06-09 07:15:51 --> Session: Class initialized using 'CodeIgniter\Session\Handlers\FileHandler' driver.
DEBUG - 2026-06-09 07:16:18 --> Session: Class initialized using 'CodeIgniter\Session\Handlers\FileHandler' driver.
DEBUG - 2026-06-09 07:16:32 --> Session: Class initialized using 'CodeIgniter\Session\Handlers\FileHandler' driver.
DEBUG - 2026-06-09 07:16:53 --> Session: Class initialized using 'CodeIgniter\Session\Handlers\FileHandler' driver.
DEBUG - 2026-06-09 07:16:55 --> Session: Class initialized using 'CodeIgniter\Session\Handlers\FileHandler' driver.
DEBUG - 2026-06-09 07:16:58 --> Session: Class initialized using 'CodeIgniter\Session\Handlers\FileHandler' driver.
DEBUG - 2026-06-09 07:17:12 --> Session: Class initialized using 'CodeIgniter\Session\Handlers\FileHandler' driver.
DEBUG - 2026-06-09 07:17:17 --> Session: Class initialized using 'CodeIgniter\Session\Handlers\FileHandler' driver.
DEBUG - 2026-06-09 07:17:19 --> Session: Class initialized using 'CodeIgniter\Session\Handlers\FileHandler' driver.
DEBUG - 2026-06-09 07:17:24 --> Session: Class initialized using 'CodeIgniter\Session\Handlers\FileHandler' driver.
DEBUG - 2026-06-09 07:17:37 --> Session: Class initialized using 'CodeIgniter\Session\Handlers\FileHandler' driver.
DEBUG - 2026-06-09 07:17:42 --> Session: Class initialized using 'CodeIgniter\Session\Handlers\FileHandler' driver.
DEBUG - 2026-06-09 07:17:44 --> Session: Class initialized using 'CodeIgniter\Session\Handlers\FileHandler' driver.
DEBUG - 2026-06-09 07:17:55 --> Session: Class initialized using 'CodeIgniter\Session\Handlers\FileHandler' driver.
